12359000
12587500
10937457
79762
12610229
3028576
12591292
12452565
4582674
31875
6155250
12616500
160
1216
240
1363060
2461536
12002946
656
1856600
12677500
12300
2070
322
282
115
81
12222000
12115000
12015000
7890600
11969760
50606
507079
3250250
12668000
1330243
674318
26521
205
336
483
9941120
9133948
12795
12293500
12394500
12423500
192
973
4277100
444
35598
1204
768
1200
1818
70584
262927
6181000
792
1664
1048
12319500
24508
12501500
12970000
11797500
12766500
102332
250000
6619
4660
1905
280
12231000
12609500
12170222
3460
11909000
3073750
1724181
623345
230053
12001500
242056
87
7244809
2249856
9390345
10960695
12173500
12034500
12744500
12563500
12478500
12131500
12493000
12094000
38
57
51
11605847
73555
1325
12005900
12429584
166
3101750
11406530
731481
94
576
9594
467700
475400
456100
193
460
1552
12564000
12569500
12147500
58975
1076100
10277100
13093500
12326298
152946
7597660
83132
112234
12610000
12341000
12510000
314
40
274
12125500
1963200
4331700
4928
11883000
12266500
2233
5710128
422100
1652
19998
11773500
12702000
12481669
12843000
282880
5165
3723
11771226
12339036
12471924
2101050
10149660
141064
4200
5832
980
10995256
11998276
12819812
5659640
11957456
5884720
166860
380864
1329886
12461000
12427603
11906500
12060202
9535575
3002534
12178587
12478500
12111000
51801
5741240
8861156
318
1301
11202517
7400304
865559
5586120
113
294
768
1331724
889366
724281
12781000
12634500
12052500
11970000
12619000
12157000
12373000
12695000
12660500
363
775
686
995
153
2
54
1286
6338
11994000
12370000
12322500
12633000
12402500
12718500
2877648
5082693
9971374
642
419
8095
31799
32578
31349
704
491400
12424500
503300
1145250
1913400
371
392
11766497
1938000
1922000
2009600
12352745
493827
4632409
12225206
10325826
5579280
499907
12272922
958079
232832
19475
7400
1130
467
2838
229
506900
12213000
402
11939000
11731500
12680000
12794000
11826712
7329780
9498721
10048952
273134
267569
253850
1045
204
187
90000
68781
12368500
612
425900
12189000
392
102
123900
12308500
242500
12554000
0
1512
27
531500
3154750
11615500
89496
476101
12203554
12693570
12144231
12514248
5270
1087800
12517914
191
130
116
10352440
12272623
110130
164
12723000
12205500
1682550
2216211
2214330
270768
90300
193087
1024
484400
6634000
12199000
12697000
12438000
14660
7042875
12171000
2542
824
1460
283295
179128
3096110
68008
7550000
90867
12510500
12715000
250000
21024
33797
30186
538671
624600
654383
5340
12361000
11925202
170744
7319592
9367456
12375000
12375000
12375000
12706000
8834863
4307629
233772
1226148
510397
45120
12464500
39818
2941
470600
227696
12378500
496012
9465
2135
345
24477
463200
3137750
11695000
471500
3205500
12252000
6195703
6284006
4870421
569100
107600
292275
265
633
1984
2459
425
650
1060752
12806336
70200
21483
55341
6687054
624875
1185536
12471554
507000
509400
12187000
392
5687
1305
6065890
6109749
6094308
11495955
1993888
4037320
462
855
120
66662
11751500
2771095
12321000
11753500
12472000
490
1936
204
3218680
222222
4262375
12189000
11822000
12500000
12658500
12442500
12695500
6964088
5433895
6238666
19001
4216297
1825289
1590
17453
19920
12279000
12336500
12191500
9330
933660
1973000
4054951
3124067
3651389
6112
860
6431590
14260
469300
12394500
2259198
6062335
1095200
315
122295
177945
12344500
12139500
12659000
4502700
7541600
12678000
915
503100
12485500
12324506
11284000
11047911
186
522000
12187000
124081
85340
7359392
498700
4273800
10176
8955660
8711640
8612520
11741737
12229000
619045
3110250
530300
10131750
5900
118350
2112400
8967388
9936091
8835142
4692
2230
11529500
2040
416431
14565
311
266
1719
12065000
13092263
248004
5960
536500
127050
508200
11956329
11996586
14351
4090
12570500
12523000
12465000
12324000
12844500
12932000
12358000
12655500
11775500
12152000
73821
75780
71624
121814
89936
9251415
12505000
12230500
12396500
12201500
11727000
12525000
12483000
12383500
12080500
126
995
231
57
5050
514200
12111229
172843
5141461
11007898
11483616
12069596
12241130
11937256
12125904
140612
68700
12278000
5439
4187
7239
5240
26862
527800
12992000
12972500
12987500
2592241
730350
930
12600000
11970500
12099500
306308
7525036
229814
12593459
6371615
243626
12558000
12924000
12264000
2904000
7037625
12256500
12147000
271512
12221075
482200
7767600
26600
12259000
12131500
12042500
435
180
106
