12334282
12536653
10341614
79762
12610229
3028576
12591292
12410215
4339084
31875
6155250
12616500
160
718
240
1363060
2439360
11930784
594
1827774
12677500
12300
2070
322
282
115
73
12148668
12090272
11942910
4741165
11874416
49711
485287
3140303
12566656
756898
474378
7512
116
203
364
9828847
9112607
8348
12244326
12319637
12423500
192
849
4277100
416
29790
984
424
1200
1669
68562
256446
6130563
792
1565
1048
12319500
24508
12501500
12918120
11703120
12715434
127500
250000
6751
4660
1724
290
12231000
12609500
11102530
3106
11909000
3073750
922234
492539
188550
11977497
296747
87
7166465
2239488
9368758
9964282
11901327
12034500
12718513
12512254
12453045
12131500
12443028
12021436
38
57
51
11189372
44479
681
11956900
12275922
68
3101750
11382385
725534
47
478
6676
463023
475400
446978
193
314
1216
12564000
12519222
12098910
57092
1076100
10254262
13093500
11805616
111371
3293995
72100
105537
12559063
12266954
12459960
314
26
274
12076998
1942977
4317261
4636
11859234
12217434
1927
5428867
422100
1651
18767
11773500
12600384
12064141
12843000
275423
5268
2729
11478980
11852356
12239709
2061030
10082295
135870
4200
4172
978
10877393
11597865
12743234
5659640
11957456
5830449
166860
380864
1303571
12435580
12328487
11906500
12035936
9319475
2978892
11814494
12377683
12111000
46657
5690582
8797330
258
1301
11103075
3121887
760963
4407594
55
98
746
512285
332740
465237
12704314
12609231
12052500
11970000
12568524
12008188
12348254
12695000
12660500
231
775
686
995
63
2
54
1358
6858
11970012
12370000
12273210
12633000
12402500
12640707
1204274
2960584
9200869
330
419
8095
22979
26098
23442
352
486290
12399153
493042
1097646
1884699
371
328
11467255
1938000
1922000
1989308
12224554
455327
4601423
12175516
10236618
5512860
424788
12043882
862897
229408
19475
3465
1032
467
1699
229
496570
12213000
394
11890748
11636658
12629280
12585862
11321458
7310840
9498721
10048952
326893
334793
312897
1045
108
187
90000
23648
12368500
612
421641
12189000
392
68
121182
12259266
242015
12407677
0
1512
11
526185
3154750
11569038
51526
379805
11622051
12697056
11864962
12082261
5270
1087800
12366909
188
109
101
7614846
11869399
84033
164
12723000
12181089
1066462
1719523
910052
140852
41594
92342
1024
479360
6620732
12101408
12645715
12413124
12858
7042875
12146160
2542
824
1460
204181
144597
2334679
73485
7504700
41449
12510500
12715000
249002
13932
31625
22003
308880
426332
511643
4646
12336278
11855084
167533
7261500
9324288
12250758
12375000
12375000
12706000
8834863
4008696
226798
1218034
485994
45120
12439571
36894
3073
461091
224706
12378500
496012
9278
2135
345
24477
463200
3087060
11695000
466589
3153232
12227496
5128289
2998774
3927020
557233
95747
284337
191
483
1870
1619
425
650
1020973
12780672
70200
16929
22869
2869614
624875
566078
11973942
501930
493648
12138252
392
4918
1192
4185797
6138558
6086164
11472252
1984096
4022901
462
842
80
40795
3170441
2765061
12321000
11753500
12472000
271
1404
182
3206670
210657
4134872
11816220
11751068
12500000
12607866
12442500
12619327
2048147
3873781
2818226
15395
2380798
1120001
1049
16327
18600
12279000
12286657
12167117
8487
868584
1953270
5813902
1618117
1889798
4122
620
2094730
13529
464509
12369213
2203761
6062335
1080400
309
119928
65844
12344500
12090942
12608364
4442372
7465003
12627288
915
492941
12460529
12124085
10939874
12424500
81
505870
12138252
119219
82000
5063582
498700
4273800
10176
8934337
8649414
8592014
5561798
12155626
472621
3097313
519403
10109235
5126
102242
2112400
9449084
4640721
6204002
1329
1134
11483382
1684
406648
9617
311
266
577
12065000
13092263
248004
5960
525576
121780
508200
11739334
11924172
5081
2503
12468452
12523000
12415140
12324000
12659766
12853913
12358000
12655500
11775500
12152000
44892
44835
42734
110968
84905
9185742
12404468
12230500
12346914
12201500
11727000
12525000
12383136
12383500
12056339
126
995
147
57
5050
492207
11963638
58578
3381310
9644469
10060542
11361190
8690528
10036904
11328344
264950
68700
12253444
2540
2126
4670
5240
25341
503853
12965020
12919616
12934558
1653251
342357
525
12549600
11970500
12099500
287025
7291034
204556
12380166
4471291
32111
12507768
12845961
12238974
2880521
6999719
12231489
12098412
266552
1072152
472556
7767600
24325
12259000
12131500
12018415
435
180
106
