12359000
12587500
11145684
79762
12610229
3028576
12591292
12410215
4550672
31875
6155250
12616500
160
1216
240
1363060
2461536
12002946
656
1856600
12677500
12300
2070
322
282
115
81
12222000
12115000
12015000
7693423
11950131
50642
512300
3250250
12668000
1450165
627799
27670
205
336
483
9941120
9133948
12641
12293500
12394500
12423500
192
1006
4277100
444
37225
1204
694
1200
1818
72090
260014
6181000
792
1664
1048
12319500
24508
12501500
12970000
11797500
12766500
104654
250000
6626
4660
1905
290
12231000
12609500
12068814
3460
11909000
3073750
1602621
632880
274203
12001500
235626
87
7244809
2249856
9390345
11187561
12149153
12034500
12744500
12563500
12478500
12131500
12493000
12094000
38
57
51
11628434
74340
1325
12104000
12404129
138
3101750
11406530
731481
94
576
10030
467700
475400
456100
193
459
1546
12564000
12569500
12147500
58975
1076100
10277100
13093500
12351000
158225
7571684
86222
109719
12610000
12341000
12510000
314
40
274
12125500
1963200
4331700
4928
11883000
12266500
2233
5710128
422100
1653
19845
11773500
12702000
12320722
12843000
282880
5097
3752
11794863
12368352
12389383
2101050
10149660
141064
4200
5648
980
10999972
12026906
12768927
5659640
11957456
5884720
166860
380864
1329886
12461000
12429595
11906500
12060202
9535575
3002534
12226794
12478500
12111000
51801
5741240
8861156
318
1301
11178116
9190876
784701
6064757
113
258
768
805712
764412
629994
12781000
12634500
12052500
11970000
12619000
12157000
12373000
12695000
12660500
363
775
686
997
153
2
54
1286
6367
11994000
12370000
12322500
12633000
12402500
12718500
2976414
5423729
10149566
642
419
8095
31186
32274
31217
704
491400
12424500
503300
1145250
1913400
371
392
11764989
1938000
1922000
2009600
12324014
494118
4648500
12225206
10325826
5579280
508322
12296620
929041
232832
19475
6748
1130
467
2401
229
506900
12213000
402
11939000
11731500
12680000
12767914
11869089
7329780
9498721
10048952
268058
266716
249472
1045
204
187
90000
68168
12368500
612
425900
12189000
392
102
123900
12308500
242500
12554000
0
1512
27
531500
3154750
11615500
131233
453181
12261153
12723000
12169115
12514248
5270
1087800
12517914
188
130
116
9736887
12341814
113748
164
12723000
12205500
1777927
2035240
2227697
277250
83805
180366
1024
484400
6634000
12199000
12697000
12438000
14660
7042875
12171000
2542
824
1460
228110
183033
3121711
69691
7550000
85874
12510500
12715000
250000
24784
41019
40628
617537
694879
1043337
5340
12361000
11922748
170744
7319592
9367456
12375000
12375000
12375000
12706000
8834863
4240922
233772
1226148
516879
45120
12464500
40587
2941
470600
227891
12378500
496012
9458
2135
345
24477
463200
3137750
11695000
471500
3205500
12252000
6181261
6284006
4630866
569100
107600
292275
265
633
1984
2459
425
650
1060752
12806336
70200
21681
71082
6684480
624875
1003483
12527484
507000
509400
12187000
392
5687
1305
6139305
5973851
5982283
11495955
1993888
4037320
462
855
120
67282
11751500
2774921
12321000
11753500
12472000
687
1936
204
3218680
222222
4262375
12189000
11822000
12500000
12658500
12442500
12695500
6586018
5977688
6399365
20048
4563345
1944517
1590
17453
19920
12279000
12336500
12191500
9330
926744
1973000
4848346
4132376
3439994
6112
860
8079830
14260
469300
12394500
2259198
6062335
1095200
315
121506
130845
12344500
12139500
12659000
4502700
7541600
12678000
915
503100
12485500
12325003
11213782
10674295
159
522000
12187000
126278
84605
6480384
498700
4273800
10176
8955660
8711640
8612520
11386167
12229000
627303
3110250
530300
10131750
5900
118350
2112400
8693273
9609373
9266692
4692
2576
11529500
2040
416431
14565
311
266
1719
12065000
13092263
248004
5960
536500
127050
508200
11956329
11996586
11906
4090
12570500
12523000
12465000
12324000
12818811
12932000
12358000
12655500
11775500
12152000
75077
78599
71654
121814
89936
9251415
12505000
12230500
12396500
12201500
11727000
12525000
12483000
12383500
12080500
126
995
231
57
5050
514200
12135500
115381
4632391
11166586
11077304
11887743
12100878
11915867
12126351
142883
68700
12278000
5439
6038
6383
5240
26862
527800
12992000
12972500
12987500
2724403
703922
930
12600000
11970500
12099500
307745
7522387
214687
12504519
6166212
245940
12558000
12924000
12264000
2904000
7037625
12256500
12147000
271512
12617530
482200
7767600
26600
12259000
12131500
12042500
435
180
106
